14:52:18.104 [main                     ] DEBUG Logger               - Configured Logger
14:52:18.129 [main                     ] DEBUG GameApplication      - Logging settings
Title: Fingers
Version: Alpha v0.1
Width: 800
Height: 600
Fullscreen: true
Intro: false
Profiling: false
Single step:false
App Mode: DEVELOPER
Menu Key: ESCAPE
Stage Style: DECORATED
Scene Factory: class com.almasb.fxgl.app.scene.SceneFactory

14:52:18.481 [JavaFX Application Thread] DEBUG FXGLApplication      - Initializing FXGL
14:52:18.486 [JavaFX Application Thread] INFO  Engine               - FXGL-17.2 (20.08.2022 16.50) on WINDOWS (J:19 FX:19)
14:52:18.486 [JavaFX Application Thread] DEBUG Engine               - JRE Vendor Name: Oracle Corporation
14:52:18.486 [JavaFX Application Thread] DEBUG Engine               - Running on OS: Windows 10 version 10.0
14:52:18.486 [JavaFX Application Thread] DEBUG Engine               - Architecture: amd64
14:52:18.487 [JavaFX Application Thread] INFO  Engine               - Source code and latest versions at: https://github.com/AlmasB/FXGL
14:52:18.487 [JavaFX Application Thread] INFO  Engine               -       Ask questions and discuss at: https://github.com/AlmasB/FXGL/discussions
14:52:18.487 [JavaFX Application Thread] INFO  Engine               -              Join the FXGL chat at: https://gitter.im/AlmasB/FXGL
14:52:18.568 [JavaFX Application Thread] DEBUG PrimaryStageWindow   - Creating a JavaFX scene
14:52:18.610 [JavaFX Application Thread] DEBUG PrimaryStageWindow   - Target settings size: 800.0 x 600.0
14:52:18.610 [JavaFX Application Thread] DEBUG PrimaryStageWindow   - Scaled scene size:    800.0 x 600.0
14:52:18.610 [JavaFX Application Thread] DEBUG PrimaryStageWindow   - Scaled ratio: (1.0, 1.0)
14:52:18.611 [JavaFX Application Thread] DEBUG PrimaryStageWindow   - Set initial scene to FXGLStartupScene
14:52:18.615 [JavaFX Application Thread] DEBUG PrimaryStageWindow   - Opening main window
14:52:18.679 [JavaFX Application Thread] DEBUG PrimaryStageWindow   - Window border size: (16.0, 39.0)
14:52:18.679 [JavaFX Application Thread] DEBUG PrimaryStageWindow   - Scaled size: 800.0 x 600.0
14:52:18.680 [JavaFX Application Thread] DEBUG PrimaryStageWindow   - Scaled ratio: (1.0, 1.0)
14:52:18.680 [JavaFX Application Thread] DEBUG PrimaryStageWindow   - Scene size: 800.0 x 600.0
14:52:18.680 [JavaFX Application Thread] DEBUG PrimaryStageWindow   - Stage size: 816.0 x 639.0
14:52:18.687 [FXGL Background Thread 1 ] DEBUG Engine               - Initializing environment variables
14:52:18.734 [FXGL Background Thread 1 ] DEBUG FXGLAssetLoaderServi - User app class for loading assets: class com.fishhave.fingers.FingersApplication
14:52:18.734 [FXGL Background Thread 1 ] DEBUG GameApplicationServi - Applying CSS: fxgl_dark.css
14:52:18.734 [FXGL Background Thread 1 ] DEBUG FXGLAssetLoaderServi - Loading from file system: jar:file:///C:/Users/FHenry/.gradle/caches/modules-2/files-2.1/com.github.almasb/fxgl/17.2/35db6ae960eec2dcfd19262d3b7f9c42f0e95bc3/fxgl-17.2.jar!/fxglassets/ui/css/fxgl_dark.css
14:52:18.773 [FXGL Background Thread 1 ] DEBUG GameApplicationServi - Initializing application scenes
14:52:18.855 [FXGL Background Thread 1 ] DEBUG GameWorld            - Game world initialized
14:52:18.906 [FXGL Background Thread 1 ] DEBUG PhysicsWorld         - Physics world initialized: appHeight=600, physics.ppm=50.0
14:52:18.906 [FXGL Background Thread 1 ] DEBUG PhysicsWorld         - Using strategy: BRUTE_FORCE
14:52:18.909 [FXGL Background Thread 1 ] DEBUG GameScene            - Game scene initialized: 800x600
14:52:18.920 [FXGL Background Thread 1 ] DEBUG FXGL.DefaultMenu     - createMenuBodyGameMenu()
14:52:18.933 [FXGL Background Thread 1 ] DEBUG FXGL.DefaultMenu     - createOptionsMenu()
14:52:18.943 [FXGL Background Thread 1 ] DEBUG FXGLAssetLoaderServi - Loading from file system: jar:file:///C:/Users/FHenry/.gradle/caches/modules-2/files-2.1/com.github.almasb/fxgl/17.2/35db6ae960eec2dcfd19262d3b7f9c42f0e95bc3/fxgl-17.2.jar!/fxglassets/textures/particles/smoke.png
14:52:19.027 [FXGL Background Thread 1 ] DEBUG FXGLAssetLoaderServi - Loading from file system: jar:file:///C:/Users/FHenry/.gradle/caches/modules-2/files-2.1/com.github.almasb/fxgl/17.2/35db6ae960eec2dcfd19262d3b7f9c42f0e95bc3/fxgl-17.2.jar!/fxglassets/textures/particles/trace_horizontal.png
14:52:19.052 [FXGL Background Thread 1 ] DEBUG GameApplicationServi - Application scenes initialized
14:52:19.063 [FXGL Background Thread 1 ] DEBUG SystemBundleService  - Loading FXGL system data
14:52:19.067 [FXGL Background Thread 1 ] DEBUG FileSystemAccess     - Reading from: D:\FXGL\fingers\system\fxgl.bundle
14:52:19.076 [FXGL Background Thread 1 ] DEBUG SystemBundleService  - Bundle FXGL: {}
14:52:19.077 [FXGL Background Thread 1 ] DEBUG UpdaterService       - Checking for updates
14:52:19.098 [FXGL Background Thread 4 ] DEBUG FXGLApplication      - Loading fonts
14:52:19.098 [FXGL Background Thread 4 ] DEBUG FXGLAssetLoaderServi - Loading from file system: jar:file:///C:/Users/FHenry/.gradle/caches/modules-2/files-2.1/com.github.almasb/fxgl/17.2/35db6ae960eec2dcfd19262d3b7f9c42f0e95bc3/fxgl-17.2.jar!/fxglassets/ui/fonts/VarelaRound-Regular.ttf
14:52:19.099 [FXGL Background Thread 1 ] DEBUG FXGLApplication      - Loading default localization
14:52:19.099 [FXGL Background Thread 1 ] WARN  FXGLAssetLoaderServi - Asset "/assets/languages/chinese.lang" was not found!
14:52:19.099 [FXGL Background Thread 1 ] WARN  FXGLAssetLoaderServi - Failed to load PROPERTY_MAP
14:52:19.103 [FXGL Background Thread 1 ] WARN  LocalizationService  - menu.pressAnyKey is not localized for language CHINESE
14:52:19.104 [FXGL Background Thread 1 ] INFO  FXGLApplication      - FXGL initialization took: 0.417 sec
14:52:19.105 [JavaFX Application Thread] DEBUG FXGLAssetLoaderServi - Loading from file system: jar:file:///C:/Users/FHenry/.gradle/caches/modules-2/files-2.1/com.github.almasb/fxgl/17.2/35db6ae960eec2dcfd19262d3b7f9c42f0e95bc3/fxgl-17.2.jar!/fxglassets/textures/fxgl_icon.png
14:52:19.126 [JavaFX Application Thread] DEBUG FXGLAssetLoaderServi - Loading from file system: jar:file:///C:/Users/FHenry/.gradle/caches/modules-2/files-2.1/com.github.almasb/fxgl/17.2/35db6ae960eec2dcfd19262d3b7f9c42f0e95bc3/fxgl-17.2.jar!/fxglassets/textures/fxgl_default_cursor.png
14:52:19.138 [JavaFX Application Thread] DEBUG Input                - Registered new binding: Screenshot - CTRL+8
14:52:19.138 [JavaFX Application Thread] DEBUG Input                - Registered new binding: Dev Options - 1
14:52:19.138 [JavaFX Application Thread] DEBUG Input                - Registered new binding: Dev Console - 2
14:52:19.139 [JavaFX Application Thread] DEBUG Input                - Registered new binding: System info dump - CTRL+9
14:52:19.139 [JavaFX Application Thread] DEBUG Input                - Registered new binding: Restart - CTRL+R
14:52:19.140 [JavaFX Application Thread] DEBUG Input                - Registered new binding: Toggle Debug Camera - CTRL+7
14:52:19.143 [JavaFX Application Thread] DEBUG LoopRunner           - Starting loop
14:52:19.163 [FXGL Background Thread 4 ] DEBUG FXGLAssetLoaderServi - Loading from file system: jar:file:///C:/Users/FHenry/.gradle/caches/modules-2/files-2.1/com.github.almasb/fxgl/17.2/35db6ae960eec2dcfd19262d3b7f9c42f0e95bc3/fxgl-17.2.jar!/fxglassets/ui/fonts/Abel-Regular.ttf
14:52:19.167 [JavaFX Application Thread] DEBUG LoopRunner           - Initializing JavaFX AnimationTimerLoop
14:52:19.168 [JavaFX Application Thread] DEBUG GameApplicationServi - Starting new game
14:52:19.169 [JavaFX Application Thread] DEBUG Input                - Clearing active input actions
14:52:19.177 [FXGL Background Thread 4 ] DEBUG FXGLAssetLoaderServi - Loading from file system: jar:file:///C:/Users/FHenry/.gradle/caches/modules-2/files-2.1/com.github.almasb/fxgl/17.2/35db6ae960eec2dcfd19262d3b7f9c42f0e95bc3/fxgl-17.2.jar!/fxglassets/ui/fonts/TerminalLandMono-Regular.otf
14:52:19.179 [JavaFX Application Thread] DEBUG GameApplicationServi - Removing overlay from FXGLStartupScene and adding to FXGLLoadingScene
14:52:19.183 [JavaFX Application Thread] DEBUG PrimaryStageWindow   - FXGLStartupScene -> FXGLLoadingScene
14:52:19.183 [JavaFX Application Thread] DEBUG GameApplicationServi - Clearing previous game
14:52:19.183 [JavaFX Application Thread] DEBUG GameScene            - Clearing game scene
14:52:19.183 [JavaFX Application Thread] DEBUG GameWorld            - Clearing game world
14:52:19.183 [JavaFX Application Thread] DEBUG PhysicsWorld         - Clearing physics world
14:52:19.185 [FXGL Background Thread 1 ] DEBUG FXGLApplication      - Initializing game
14:52:19.186 [FXGL Background Thread 1 ] INFO  FXGLApplication      - Game initialization took: 0.001 sec
14:52:19.187 [FXGL Background Thread 4 ] DEBUG FXGLAssetLoaderServi - Loading from file system: jar:file:///C:/Users/FHenry/.gradle/caches/modules-2/files-2.1/com.github.almasb/fxgl/17.2/35db6ae960eec2dcfd19262d3b7f9c42f0e95bc3/fxgl-17.2.jar!/fxglassets/ui/fonts/Courier-Prime.ttf
14:52:19.389 [JavaFX Application Thread] DEBUG Input                - Clearing active input actions
14:52:19.395 [JavaFX Application Thread] DEBUG GameApplicationServi - Removing overlay from FXGLLoadingScene and adding to GameScene
14:52:19.399 [JavaFX Application Thread] DEBUG PrimaryStageWindow   - FXGLLoadingScene -> GameScene
14:52:19.401 [JavaFX Application Thread] DEBUG FXGLApplication      - Registering font factories with UI factory
14:52:20.183 [FXGL Background Thread 2 ] INFO  UpdaterService       - Your current version:  17.2
14:52:20.183 [FXGL Background Thread 2 ] INFO  UpdaterService       - Latest stable version: 17.3
14:52:22.099 [FXGL Background Thread 3 ] DEBUG Engine               - Logging environment variables
14:52:22.100 [FXGL Background Thread 3 ] DEBUG Engine               - achievements: []
14:52:22.100 [FXGL Background Thread 3 ] DEBUG Engine               - actualHeight: 600.0
14:52:22.101 [FXGL Background Thread 3 ] DEBUG Engine               - actualHeightProperty: ReadOnlyDoubleProperty [value: 600.0]
14:52:22.101 [FXGL Background Thread 3 ] DEBUG Engine               - actualWidth: 800.0
14:52:22.101 [FXGL Background Thread 3 ] DEBUG Engine               - actualWidthProperty: ReadOnlyDoubleProperty [value: 800.0]
14:52:22.101 [FXGL Background Thread 3 ] DEBUG Engine               - appIcon: fxgl_icon.png
14:52:22.102 [FXGL Background Thread 3 ] DEBUG Engine               - applicationMode: DEVELOPER
14:52:22.102 [FXGL Background Thread 3 ] DEBUG Engine               - cSSList: [fxgl_dark.css]
14:52:22.102 [FXGL Background Thread 3 ] DEBUG Engine               - collisionDetectionStrategy: BRUTE_FORCE
14:52:22.102 [FXGL Background Thread 3 ] DEBUG Engine               - configClass: Optional.empty
14:52:22.103 [FXGL Background Thread 3 ] DEBUG Engine               - credits: [FishHave]
14:52:22.103 [FXGL Background Thread 3 ] DEBUG Engine               - defaultCursor: CursorInfo(imageName=fxgl_default_cursor.png, hotspotX=7.0, hotspotY=6.0)
14:52:22.104 [FXGL Background Thread 3 ] DEBUG Engine               - devBBoxColorProperty: ObjectProperty [value: 0xff0000ff]
14:52:22.104 [FXGL Background Thread 3 ] DEBUG Engine               - devEnableDebugCameraProperty: BooleanProperty [value: false]
14:52:22.104 [FXGL Background Thread 3 ] DEBUG Engine               - devSensorColorProperty: ObjectProperty [value: 0xffff00ff]
14:52:22.104 [FXGL Background Thread 3 ] DEBUG Engine               - devShowBBoxProperty: BooleanProperty [value: false]
14:52:22.104 [FXGL Background Thread 3 ] DEBUG Engine               - devShowPositionProperty: BooleanProperty [value: false]
14:52:22.105 [FXGL Background Thread 3 ] DEBUG Engine               - enabledMenuItems: []
14:52:22.105 [FXGL Background Thread 3 ] DEBUG Engine               - engineServices: [class com.almasb.fxgl.app.services.FXGLAssetLoaderService, class com.almasb.fxgl.app.FXGLApplication$GameApplicationService, class com.almasb.fxgl.app.services.FXGLDialogService, class com.almasb.fxgl.app.services.IOTaskExecutorService, class com.almasb.fxgl.io.FileSystemService, class com.almasb.fxgl.localization.LocalizationService, class com.almasb.fxgl.app.services.SystemBundleService, class com.almasb.fxgl.profile.SaveLoadService, class com.almasb.fxgl.ui.FXGLUIFactoryServiceProvider, class com.almasb.fxgl.ui.FXGLDialogFactoryServiceProvider, class com.almasb.fxgl.audio.AudioPlayer, class com.almasb.fxgl.notification.impl.NotificationServiceProvider, class com.almasb.fxgl.achievement.AchievementService, class com.almasb.fxgl.cutscene.CutsceneService, class com.almasb.fxgl.minigames.MiniGameService, class com.almasb.fxgl.net.NetService, class com.almasb.fxgl.app.services.UpdaterService, class com.almasb.fxgl.dev.DevService]
14:52:22.105 [FXGL Background Thread 3 ] DEBUG Engine               - fontGame: Abel-Regular.ttf
14:52:22.105 [FXGL Background Thread 3 ] DEBUG Engine               - fontMono: TerminalLandMono-Regular.otf
14:52:22.105 [FXGL Background Thread 3 ] DEBUG Engine               - fontText: Courier-Prime.ttf
14:52:22.105 [FXGL Background Thread 3 ] DEBUG Engine               - fontUI: VarelaRound-Regular.ttf
14:52:22.105 [FXGL Background Thread 3 ] DEBUG Engine               - fullScreen: BooleanProperty [value: false]
14:52:22.105 [FXGL Background Thread 3 ] DEBUG Engine               - gameDifficulty: MEDIUM
14:52:22.105 [FXGL Background Thread 3 ] DEBUG Engine               - gameDifficultyProperty: ObjectProperty [value: MEDIUM]
14:52:22.105 [FXGL Background Thread 3 ] DEBUG Engine               - globalMusicVolume: 0.5
14:52:22.105 [FXGL Background Thread 3 ] DEBUG Engine               - globalMusicVolumeProperty: DoubleProperty [value: 0.5]
14:52:22.105 [FXGL Background Thread 3 ] DEBUG Engine               - globalSoundVolume: 0.5
14:52:22.105 [FXGL Background Thread 3 ] DEBUG Engine               - globalSoundVolumeProperty: DoubleProperty [value: 0.5]
14:52:22.106 [FXGL Background Thread 3 ] DEBUG Engine               - height: 600
14:52:22.106 [FXGL Background Thread 3 ] DEBUG Engine               - is3D: false
14:52:22.106 [FXGL Background Thread 3 ] DEBUG Engine               - isAndroid: false
14:52:22.106 [FXGL Background Thread 3 ] DEBUG Engine               - isBrowser: false
14:52:22.106 [FXGL Background Thread 3 ] DEBUG Engine               - isClickFeedbackEnabled: true
14:52:22.106 [FXGL Background Thread 3 ] DEBUG Engine               - isCloseConfirmation: false
14:52:22.106 [FXGL Background Thread 3 ] DEBUG Engine               - isDesktop: true
14:52:22.106 [FXGL Background Thread 3 ] DEBUG Engine               - isDeveloperMenuEnabled: true
14:52:22.106 [FXGL Background Thread 3 ] DEBUG Engine               - isEmbedded: false
14:52:22.106 [FXGL Background Thread 3 ] DEBUG Engine               - isEntityPreloadEnabled: true
14:52:22.106 [FXGL Background Thread 3 ] DEBUG Engine               - isExperimentalTiledLargeMap: false
14:52:22.106 [FXGL Background Thread 3 ] DEBUG Engine               - isFileSystemWriteAllowed: true
14:52:22.106 [FXGL Background Thread 3 ] DEBUG Engine               - isFullScreenAllowed: true
14:52:22.106 [FXGL Background Thread 3 ] DEBUG Engine               - isFullScreenFromStart: false
14:52:22.107 [FXGL Background Thread 3 ] DEBUG Engine               - isGameMenuEnabled: true
14:52:22.107 [FXGL Background Thread 3 ] DEBUG Engine               - isIOS: false
14:52:22.107 [FXGL Background Thread 3 ] DEBUG Engine               - isIntroEnabled: false
14:52:22.107 [FXGL Background Thread 3 ] DEBUG Engine               - isLinux: false
14:52:22.107 [FXGL Background Thread 3 ] DEBUG Engine               - isMac: false
14:52:22.107 [FXGL Background Thread 3 ] DEBUG Engine               - isMainMenuEnabled: false
14:52:22.107 [FXGL Background Thread 3 ] DEBUG Engine               - isManualResizeEnabled: false
14:52:22.107 [FXGL Background Thread 3 ] DEBUG Engine               - isMobile: false
14:52:22.107 [FXGL Background Thread 3 ] DEBUG Engine               - isNative: false
14:52:22.107 [FXGL Background Thread 3 ] DEBUG Engine               - isPauseMusicWhenMinimized: true
14:52:22.107 [FXGL Background Thread 3 ] DEBUG Engine               - isPreserveResizeRatio: false
14:52:22.107 [FXGL Background Thread 3 ] DEBUG Engine               - isProfilingEnabled: false
14:52:22.107 [FXGL Background Thread 3 ] DEBUG Engine               - isScaleAffectedOnResize: true
14:52:22.107 [FXGL Background Thread 3 ] DEBUG Engine               - isSingleStep: false
14:52:22.108 [FXGL Background Thread 3 ] DEBUG Engine               - isUserProfileEnabled: false
14:52:22.108 [FXGL Background Thread 3 ] DEBUG Engine               - isWindows: true
14:52:22.108 [FXGL Background Thread 3 ] DEBUG Engine               - language: ObjectProperty [value: CHINESE]
14:52:22.108 [FXGL Background Thread 3 ] DEBUG Engine               - menuKey: ESCAPE
14:52:22.108 [FXGL Background Thread 3 ] DEBUG Engine               - mouseSensitivity: 0.2
14:52:22.108 [FXGL Background Thread 3 ] DEBUG Engine               - notificationViewClass: class com.almasb.fxgl.notification.view.XboxNotificationView
14:52:22.108 [FXGL Background Thread 3 ] DEBUG Engine               - pixelsPerMeter: 50.0
14:52:22.108 [FXGL Background Thread 3 ] DEBUG Engine               - platform: WINDOWS
14:52:22.108 [FXGL Background Thread 3 ] DEBUG Engine               - prefHeightProperty: ReadOnlyDoubleProperty [value: 600.0]
14:52:22.108 [FXGL Background Thread 3 ] DEBUG Engine               - prefWidthProperty: ReadOnlyDoubleProperty [value: 800.0]
14:52:22.108 [FXGL Background Thread 3 ] DEBUG Engine               - profileDir: profiles/
14:52:22.108 [FXGL Background Thread 3 ] DEBUG Engine               - profileName: StringProperty [value: DEFAULT]
14:52:22.108 [FXGL Background Thread 3 ] DEBUG Engine               - randomSeed: -1
14:52:22.109 [FXGL Background Thread 3 ] DEBUG Engine               - runtimeInfo: RuntimeInfo(platform=WINDOWS, version=17.2, build=20.08.2022 16.50)
14:52:22.109 [FXGL Background Thread 3 ] DEBUG Engine               - saveFileExt: sav
14:52:22.109 [FXGL Background Thread 3 ] DEBUG Engine               - scaledHeightProp$fxgl: DoubleProperty [bound, value: 600.0]
14:52:22.109 [FXGL Background Thread 3 ] DEBUG Engine               - scaledWidthProp$fxgl: DoubleProperty [bound, value: 800.0]
14:52:22.109 [FXGL Background Thread 3 ] DEBUG Engine               - sceneFactory: com.almasb.fxgl.app.scene.SceneFactory@6f64ff33
14:52:22.109 [FXGL Background Thread 3 ] DEBUG Engine               - secondsIn24h: 60
14:52:22.109 [FXGL Background Thread 3 ] DEBUG Engine               - soundMenuBack: menu/back.wav
14:52:22.109 [FXGL Background Thread 3 ] DEBUG Engine               - soundMenuPress: menu/press.wav
14:52:22.109 [FXGL Background Thread 3 ] DEBUG Engine               - soundMenuSelect: menu/select.wav
14:52:22.109 [FXGL Background Thread 3 ] DEBUG Engine               - soundNotification: core/notification.wav
14:52:22.109 [FXGL Background Thread 3 ] DEBUG Engine               - stageStyle: DECORATED
14:52:22.109 [FXGL Background Thread 3 ] DEBUG Engine               - supportedLanguages: [ENGLISH, FRENCH, GERMAN, HUNGARIAN, RUSSIAN]
14:52:22.109 [FXGL Background Thread 3 ] DEBUG Engine               - ticksPerSecond: -1
14:52:22.110 [FXGL Background Thread 3 ] DEBUG Engine               - title: Fingers
14:52:22.110 [FXGL Background Thread 3 ] DEBUG Engine               - urlGithub: https://github.com/AlmasB/FXGL
14:52:22.110 [FXGL Background Thread 3 ] DEBUG Engine               - urlLeaderboard: http://fxgl-top.herokuapp.com/
14:52:22.110 [FXGL Background Thread 3 ] DEBUG Engine               - urlPOM: https://raw.githubusercontent.com/AlmasB/FXGL/release/README.md
14:52:22.110 [FXGL Background Thread 3 ] DEBUG Engine               - userAppClass: class com.fishhave.fingers.FingersApplication
14:52:22.110 [FXGL Background Thread 3 ] DEBUG Engine               - version: Alpha v0.1
14:52:22.110 [FXGL Background Thread 3 ] DEBUG Engine               - versionCheckDays: 7
14:52:22.110 [FXGL Background Thread 3 ] DEBUG Engine               - width: 800
14:52:22.110 [FXGL Background Thread 3 ] DEBUG Engine               - Logging services
14:52:22.110 [FXGL Background Thread 3 ] DEBUG Engine               - class com.almasb.fxgl.app.services.FXGLAssetLoaderService
14:52:22.110 [FXGL Background Thread 3 ] DEBUG Engine               - class com.almasb.fxgl.app.FXGLApplication$GameApplicationService
14:52:22.110 [FXGL Background Thread 3 ] DEBUG Engine               - class com.almasb.fxgl.app.services.FXGLDialogService
14:52:22.110 [FXGL Background Thread 3 ] DEBUG Engine               - class com.almasb.fxgl.app.services.IOTaskExecutorService
14:52:22.110 [FXGL Background Thread 3 ] DEBUG Engine               - class com.almasb.fxgl.io.FileSystemService
14:52:22.110 [FXGL Background Thread 3 ] DEBUG Engine               - class com.almasb.fxgl.localization.LocalizationService
14:52:22.111 [FXGL Background Thread 3 ] DEBUG Engine               - class com.almasb.fxgl.app.services.SystemBundleService
14:52:22.111 [FXGL Background Thread 3 ] DEBUG Engine               - class com.almasb.fxgl.profile.SaveLoadService
14:52:22.111 [FXGL Background Thread 3 ] DEBUG Engine               - class com.almasb.fxgl.ui.FXGLUIFactoryServiceProvider
14:52:22.111 [FXGL Background Thread 3 ] DEBUG Engine               - class com.almasb.fxgl.ui.FXGLDialogFactoryServiceProvider
14:52:22.111 [FXGL Background Thread 3 ] DEBUG Engine               - class com.almasb.fxgl.audio.AudioPlayer
14:52:22.111 [FXGL Background Thread 3 ] DEBUG Engine               - class com.almasb.fxgl.notification.impl.NotificationServiceProvider
14:52:22.111 [FXGL Background Thread 3 ] DEBUG Engine               - class com.almasb.fxgl.achievement.AchievementService
14:52:22.111 [FXGL Background Thread 3 ] DEBUG Engine               - class com.almasb.fxgl.cutscene.CutsceneService
14:52:22.111 [FXGL Background Thread 3 ] DEBUG Engine               - class com.almasb.fxgl.minigames.MiniGameService
14:52:22.111 [FXGL Background Thread 3 ] DEBUG Engine               - class com.almasb.fxgl.net.NetService
14:52:22.111 [FXGL Background Thread 3 ] DEBUG Engine               - class com.almasb.fxgl.app.services.UpdaterService
14:52:22.111 [FXGL Background Thread 3 ] DEBUG Engine               - class com.almasb.fxgl.dev.DevService
14:52:24.100 [JavaFX Application Thread] DEBUG FXGLApplication      - Exiting FXGL
14:52:24.100 [JavaFX Application Thread] DEBUG LoopRunner           - Stopping loop
14:52:24.100 [JavaFX Application Thread] DEBUG SystemBundleService  - Saving FXGL system data
14:52:24.102 [JavaFX Application Thread] DEBUG FileSystemAccess     - Writing to: D:\FXGL\fingers\system\fxgl.bundle
14:52:24.104 [JavaFX Application Thread] DEBUG Async                - Shutting down background threads
14:52:24.104 [JavaFX Application Thread] DEBUG PrimaryStageWindow   - Closing main window
14:52:24.110 [JavaFX Application Thread] DEBUG Logger               - Closing Logger
